<?xml version="1.0" encoding="UTF-8"?>
<!-- Generated by org.testng.reporters.JUnitReportReporter -->
<testsuite hostname="DESKTOP-LE78F7L" failures="0" tests="4" name="testscripts.regression.ValidateLoginDataProviderExcel" time="63.224" errors="0" timestamp="2021-04-01T08:32:36 IST" skipped="0">
  <testcase classname="testscripts.regression.ValidateLoginDataProviderExcel" name="validateLoginTest" time="11.282"/>
  <system-out/>
  <testcase classname="testscripts.regression.ValidateLoginDataProviderExcel" name="validateLoginTest" time="10.556"/>
  <system-out/>
  <testcase classname="testscripts.regression.ValidateLoginDataProviderExcel" name="validateLoginTest" time="16.341"/>
  <system-out/>
  <testcase classname="testscripts.regression.ValidateLoginDataProviderExcel" name="validateLoginTest" time="25.045"/>
  <system-out/>
</testsuite> <!-- testscripts.regression.ValidateLoginDataProviderExcel -->
