<?xml version="1.0" encoding="UTF-8"?>
<!-- Generated by org.testng.reporters.JUnitReportReporter -->
<testsuite hostname="DESKTOP-LE78F7L" failures="0" tests="4" name="testscripts.regression.ValidateLoginUsingHybrid" time="63.204" errors="0" timestamp="2021-04-01T10:38:55 IST" skipped="0">
  <testcase classname="testscripts.regression.ValidateLoginUsingHybrid" name="loginTest" time="13.669"/>
  <system-out/>
  <testcase classname="testscripts.regression.ValidateLoginUsingHybrid" name="loginTest" time="15.622"/>
  <system-out/>
  <testcase classname="testscripts.regression.ValidateLoginUsingHybrid" name="loginTest" time="15.943"/>
  <system-out/>
  <testcase classname="testscripts.regression.ValidateLoginUsingHybrid" name="loginTest" time="17.970"/>
  <system-out/>
</testsuite> <!-- testscripts.regression.ValidateLoginUsingHybrid -->
