<?xml version="1.0" encoding="UTF-8"?>
<!-- Generated by org.testng.reporters.JUnitReportReporter -->
<testsuite hostname="DESKTOP-LE78F7L" failures="0" tests="1" name="testscripts.regression.ValidateLoginUsingKeywords" time="27.906" errors="0" timestamp="2021-04-01T09:06:05 IST" skipped="0">
  <testcase classname="testscripts.regression.ValidateLoginUsingKeywords" name="loginTest" time="27.906"/>
  <system-out/>
</testsuite> <!-- testscripts.regression.ValidateLoginUsingKeywords -->
