<?xml version="1.0" encoding="UTF-8"?>
<!-- Generated by org.testng.reporters.JUnitReportReporter -->
<testsuite hostname="DESKTOP-LE78F7L" failures="0" tests="1" name="testscripts.regression.ValidateLoginUsingProperties" time="29.507" errors="0" timestamp="2021-03-31T11:12:35 IST" skipped="0">
  <testcase classname="testscripts.regression.ValidateLoginUsingProperties" name="loginTest" time="29.507"/>
  <system-out/>
</testsuite> <!-- testscripts.regression.ValidateLoginUsingProperties -->
