<?xml version="1.0" encoding="UTF-8"?>
<!-- Generated by org.testng.reporters.JUnitReportReporter -->
<testsuite hostname="DESKTOP-LE78F7L" failures="0" tests="1" name="testscripts.regression.ValidateLogin" time="18.901" errors="0" timestamp="2021-03-29T11:03:24 IST" skipped="0">
  <testcase classname="testscripts.regression.ValidateLogin" name="validateLoginTest" time="18.901"/>
  <system-out/>
</testsuite> <!-- testscripts.regression.ValidateLogin -->
