<?xml version="1.0" encoding="UTF-8"?>
<!-- Generated by org.testng.reporters.JUnitReportReporter -->
<testsuite hostname="DESKTOP-LE78F7L" failures="0" tests="4" name="testscripts.regression.ValidateLoginPOM" time="30.453" errors="0" timestamp="2021-04-06T11:04:18 IST" skipped="0">
  <testcase classname="testscripts.regression.ValidateLoginPOM" name="validateLoginPOMTest" time="6.631"/>
  <system-out/>
  <testcase classname="testscripts.regression.ValidateLoginPOM" name="validateLoginPOMTest" time="7.348"/>
  <system-out/>
  <testcase classname="testscripts.regression.ValidateLoginPOM" name="validateLoginPOMTest" time="9.555"/>
  <system-out/>
  <testcase classname="testscripts.regression.ValidateLoginPOM" name="validateLoginPOMTest" time="6.919"/>
  <system-out/>
</testsuite> <!-- testscripts.regression.ValidateLoginPOM -->
