<?xml version="1.0" encoding="UTF-8"?>
<!-- Generated by org.testng.reporters.JUnitReportReporter -->
<testsuite hostname="DESKTOP-LE78F7L" failures="0" tests="4" name="testscripts.regression.ValidateLoginDataProvider" time="96.606" errors="0" timestamp="2021-03-30T10:18:57 IST" skipped="0">
  <testcase classname="testscripts.regression.ValidateLoginDataProvider" name="validateLoginTest" time="23.055"/>
  <system-out/>
  <testcase classname="testscripts.regression.ValidateLoginDataProvider" name="validateLoginTest" time="32.026"/>
  <system-out/>
  <testcase classname="testscripts.regression.ValidateLoginDataProvider" name="validateLoginTest" time="18.370"/>
  <system-out/>
  <testcase classname="testscripts.regression.ValidateLoginDataProvider" name="validateLoginTest" time="23.155"/>
  <system-out/>
</testsuite> <!-- testscripts.regression.ValidateLoginDataProvider -->
