<?xml version="1.0" encoding="UTF-8"?>
<!-- Generated by org.testng.reporters.JUnitReportReporter -->
<testsuite skipped="0" hostname="DESKTOP-LE78F7L" name="testscripts.regression.ValidateLoginPOM" tests="4" failures="0" timestamp="2021-04-05T23:15:11 IST" time="27.655" errors="0">
  <testcase name="validateLoginPOMTest" time="7.074" classname="testscripts.regression.ValidateLoginPOM"/>
  <system-out/>
  <testcase name="validateLoginPOMTest" time="8.083" classname="testscripts.regression.ValidateLoginPOM"/>
  <system-out/>
  <testcase name="validateLoginPOMTest" time="6.164" classname="testscripts.regression.ValidateLoginPOM"/>
  <system-out/>
  <testcase name="validateLoginPOMTest" time="6.334" classname="testscripts.regression.ValidateLoginPOM"/>
  <system-out/>
</testsuite> <!-- testscripts.regression.ValidateLoginPOM -->
